2025-05-23 19:01:47,281 - INFO - Navigated to: C:\Users\karee
2025-05-23 19:01:47,341 - INFO - Starting Advanced File Manager
2025-05-23 19:01:54,960 - INFO - Navigated to: C:\Users\karee\Downloads
2025-05-23 19:02:06,383 - INFO - Navigated to: C:\Users\karee
2025-05-23 19:02:21,435 - INFO - Navigated to: C:\Users\karee\Documents
2025-05-23 19:02:22,193 - INFO - Navigated to: C:\Users\karee\Documents\Eigene Musik
2025-05-23 19:02:22,770 - INFO - Navigated to: C:\Users\karee\Documents\Eigene Bilder
2025-05-23 19:02:23,760 - INFO - Navigated to: C:\Users\karee\Documents\Eigene Videos
2025-05-23 19:02:24,641 - INFO - Navigated to: C:\Users\karee\Downloads
2025-05-23 19:02:25,218 - INFO - Navigated to: C:\Users\karee\Downloads\306130
2025-05-23 19:02:25,649 - INFO - Navigated to: C:\Users\karee\Downloads\BladeSorceryModManager
2025-05-23 19:02:26,204 - INFO - Navigated to: C:\Users\karee\Downloads\FNAF_IntoPit_Installer_Files(1)
2025-05-23 19:02:26,825 - INFO - Navigated to: C:\Users\karee\Downloads\BladeSorceryModManager
2025-05-23 19:02:29,194 - INFO - Navigated to: C:\Users\karee\Downloads\381210
2025-05-23 19:02:30,793 - INFO - Navigated to: C:\Users\karee\Downloads\381210
2025-05-23 19:02:31,802 - INFO - Navigated to: C:\Users\karee\Downloads\FNAF_IntoPit_main
2025-05-23 19:02:32,641 - INFO - Navigated to: C:\Users\karee\Downloads\Games
2025-05-23 19:02:33,419 - INFO - Navigated to: C:\Users\karee\Downloads\GigaVault
2025-05-23 19:02:34,458 - INFO - Navigated to: C:\Users\karee\Downloads\GigaVault\core
2025-05-23 19:02:38,409 - INFO - Navigated to: C:\Users\karee\Downloads\Playnite Gamess
2025-05-23 19:02:42,591 - INFO - Navigated to: C:\Users\karee\Downloads
2025-05-23 19:02:44,381 - INFO - Navigated to: C:\Users\karee
2025-05-23 19:02:45,785 - INFO - Navigated to: C:\Users\karee\AppData
2025-05-23 19:02:46,542 - INFO - Navigated to: C:\Users\karee\AppData\LocalLow
2025-05-23 19:02:47,760 - INFO - Navigated to: C:\Users\karee\AppData\LocalLow\GexagonVR
2025-05-23 19:02:48,897 - INFO - Navigated to: C:\Users\karee\AppData\LocalLow\GexagonVR\Hard Bullet
2025-05-23 19:02:50,288 - INFO - Navigated to: C:\Users\karee\AppData\LocalLow\GexagonVR\Hard Bullet\Unity
2025-05-23 19:02:52,732 - INFO - Navigated to: C:\Users\karee\Downloads\comprehensive_desktop_apps
2025-05-23 19:02:53,978 - INFO - Navigated to: C:\Users\karee\Downloads\GigaVault
2025-05-23 19:02:56,976 - INFO - Navigated to: C:\Users\karee
2025-05-23 19:03:01,825 - INFO - Navigated to: C:\Users\karee\AppData
2025-05-23 19:03:02,625 - INFO - Navigated to: C:\Users\karee\AppData\Roaming
2025-05-23 19:03:03,715 - INFO - Navigated to: C:\Users\karee\AppData\Roaming\discord
2025-05-23 19:03:04,609 - INFO - Navigated to: C:\Users\karee\AppData\Roaming\discord\blob_storage
2025-05-23 19:03:05,568 - INFO - Navigated to: C:\Users\karee\AppData\Roaming\discord\blob_storage\7f780138-92f1-4e6d-8dc0-5567a57a8c01
2025-05-23 19:03:07,407 - INFO - Navigated to: C:\Users\karee\Downloads
2025-05-23 19:03:10,758 - INFO - Navigated to: C:\Users\karee
2025-05-23 19:06:47,400 - INFO - Application closed successfully
